Using launch settings from AiChatApp/Properties/launchSettings.json...
Building...
/home/ubuntu/ws/ai-chat-app/AiChatApp/AiChatApp.csproj : warning NU1510: PackageReference Microsoft.AspNetCore.Authentication.Cookies will not be pruned. Consider removing this package from your dependencies, as it is likely unnecessary.
/home/ubuntu/ws/ai-chat-app/AiChatApp/AiChatApp.csproj : warning NU1510: PackageReference Microsoft.AspNetCore.Authentication.Cookies will not be pruned. Consider removing this package from your dependencies, as it is likely unnecessary.
info: Microsoft.EntityFrameworkCore.Database.Command[20101]
      Executed DbCommand (28ms) [Parameters=[], CommandType='Text', CommandTimeout='30']
      SELECT COUNT(*) FROM "sqlite_master" WHERE "type" = 'table' AND "rootpage" IS NOT NULL;
info: Microsoft.Hosting.Lifetime[14]
      Now listening on: http://0.0.0.0:5000
info: Microsoft.Hosting.Lifetime[0]
      Application started. Press Ctrl+C to shut down.
info: Microsoft.Hosting.Lifetime[0]
      Hosting environment: Development
info: Microsoft.Hosting.Lifetime[0]
      Content root path: /home/ubuntu/ws/ai-chat-app/AiChatApp
info: Microsoft.EntityFrameworkCore.Database.Command[20101]
      Executed DbCommand (10ms) [Parameters=[@userId='?' (DbType = Int32)], CommandType='Text', CommandTimeout='30']
      SELECT "c"."Id", "c"."CreatedAt", "c"."Title", "c"."UserId"
      FROM "ChatSessions" AS "c"
      WHERE "c"."UserId" = @userId
      ORDER BY "c"."CreatedAt" DESC
info: Microsoft.EntityFrameworkCore.Database.Command[20101]
      Executed DbCommand (0ms) [Parameters=[@sessionId='?' (DbType = Int32), @userId='?' (DbType = Int32)], CommandType='Text', CommandTimeout='30']
      SELECT "c"."Id", "c"."CreatedAt", "c"."Title", "c"."UserId"
      FROM "ChatSessions" AS "c"
      WHERE "c"."Id" = @sessionId AND "c"."UserId" = @userId
      LIMIT 1
info: Microsoft.EntityFrameworkCore.Database.Command[20101]
      Executed DbCommand (6ms) [Parameters=[@p0='?' (DbType = Int32), @p1='?' (Size = 2), @p2='?' (DbType = Boolean), @p3='?' (DbType = DateTime)], CommandType='Text', CommandTimeout='30']
      INSERT INTO "Messages" ("ChatSessionId", "Content", "IsAi", "Timestamp")
      VALUES (@p0, @p1, @p2, @p3)
      RETURNING "Id";
info: Microsoft.EntityFrameworkCore.Database.Command[20101]
      Executed DbCommand (0ms) [Parameters=[@p0='?' (DbType = Int32), @p1='?' (Size = 185), @p2='?' (DbType = Boolean), @p3='?' (DbType = DateTime)], CommandType='Text', CommandTimeout='30']
      INSERT INTO "Messages" ("ChatSessionId", "Content", "IsAi", "Timestamp")
      VALUES (@p0, @p1, @p2, @p3)
      RETURNING "Id";
info: Microsoft.EntityFrameworkCore.Database.Command[20101]
      Executed DbCommand (2ms) [Parameters=[@username='?' (Size = 5)], CommandType='Text', CommandTimeout='30']
      SELECT "u"."Id", "u"."PasswordHash", "u"."Username"
      FROM "Users" AS "u"
      WHERE "u"."Username" = @username
      LIMIT 1
info: Microsoft.EntityFrameworkCore.Database.Command[20101]
      Executed DbCommand (0ms) [Parameters=[@userId='?' (DbType = Int32)], CommandType='Text', CommandTimeout='30']
      SELECT "c"."Id", "c"."CreatedAt", "c"."Title", "c"."UserId"
      FROM "ChatSessions" AS "c"
      WHERE "c"."UserId" = @userId
      ORDER BY "c"."CreatedAt" DESC
info: Microsoft.EntityFrameworkCore.Database.Command[20101]
      Executed DbCommand (0ms) [Parameters=[@id='?' (DbType = Int32), @userId='?' (DbType = Int32)], CommandType='Text', CommandTimeout='30']
      SELECT "c"."Id", "c"."CreatedAt", "c"."Title", "c"."UserId"
      FROM "ChatSessions" AS "c"
      WHERE "c"."Id" = @id AND "c"."UserId" = @userId
      LIMIT 1
info: Microsoft.EntityFrameworkCore.Database.Command[20101]
      Executed DbCommand (2ms) [Parameters=[@id='?' (DbType = Int32)], CommandType='Text', CommandTimeout='30']
      SELECT "m"."Id", "m"."ChatSessionId", "m"."Content", "m"."IsAi", "m"."Timestamp"
      FROM "Messages" AS "m"
      WHERE "m"."ChatSessionId" = @id
      ORDER BY "m"."Timestamp"
info: Microsoft.EntityFrameworkCore.Database.Command[20101]
      Executed DbCommand (0ms) [Parameters=[@sessionId='?' (DbType = Int32), @userId='?' (DbType = Int32)], CommandType='Text', CommandTimeout='30']
      SELECT "c"."Id", "c"."CreatedAt", "c"."Title", "c"."UserId"
      FROM "ChatSessions" AS "c"
      WHERE "c"."Id" = @sessionId AND "c"."UserId" = @userId
      LIMIT 1
info: Microsoft.EntityFrameworkCore.Database.Command[20101]
      Executed DbCommand (8ms) [Parameters=[@p0='?' (DbType = Int32), @p1='?' (Size = 5), @p2='?' (DbType = Boolean), @p3='?' (DbType = DateTime)], CommandType='Text', CommandTimeout='30']
      INSERT INTO "Messages" ("ChatSessionId", "Content", "IsAi", "Timestamp")
      VALUES (@p0, @p1, @p2, @p3)
      RETURNING "Id";
info: Microsoft.EntityFrameworkCore.Database.Command[20101]
      Executed DbCommand (4ms) [Parameters=[@p0='?' (DbType = Int32), @p1='?' (Size = 331), @p2='?' (DbType = Boolean), @p3='?' (DbType = DateTime)], CommandType='Text', CommandTimeout='30']
      INSERT INTO "Messages" ("ChatSessionId", "Content", "IsAi", "Timestamp")
      VALUES (@p0, @p1, @p2, @p3)
      RETURNING "Id";
info: Microsoft.EntityFrameworkCore.Database.Command[20101]
      Executed DbCommand (2ms) [Parameters=[@userId='?' (DbType = Int32)], CommandType='Text', CommandTimeout='30']
      SELECT "c"."Id", "c"."CreatedAt", "c"."Title", "c"."UserId"
      FROM "ChatSessions" AS "c"
      WHERE "c"."UserId" = @userId
      ORDER BY "c"."CreatedAt" DESC
info: Microsoft.EntityFrameworkCore.Database.Command[20101]
      Executed DbCommand (2ms) [Parameters=[@sessionId='?' (DbType = Int32), @userId='?' (DbType = Int32)], CommandType='Text', CommandTimeout='30']
      SELECT "c"."Id", "c"."CreatedAt", "c"."Title", "c"."UserId"
      FROM "ChatSessions" AS "c"
      WHERE "c"."Id" = @sessionId AND "c"."UserId" = @userId
      LIMIT 1
info: Microsoft.EntityFrameworkCore.Database.Command[20101]
      Executed DbCommand (7ms) [Parameters=[@p0='?' (DbType = Int32), @p1='?' (Size = 16), @p2='?' (DbType = Boolean), @p3='?' (DbType = DateTime)], CommandType='Text', CommandTimeout='30']
      INSERT INTO "Messages" ("ChatSessionId", "Content", "IsAi", "Timestamp")
      VALUES (@p0, @p1, @p2, @p3)
      RETURNING "Id";
info: Microsoft.EntityFrameworkCore.Database.Command[20101]
      Executed DbCommand (5ms) [Parameters=[@p0='?' (DbType = Int32), @p1='?' (Size = 821), @p2='?' (DbType = Boolean), @p3='?' (DbType = DateTime)], CommandType='Text', CommandTimeout='30']
      INSERT INTO "Messages" ("ChatSessionId", "Content", "IsAi", "Timestamp")
      VALUES (@p0, @p1, @p2, @p3)
      RETURNING "Id";
info: Microsoft.EntityFrameworkCore.Database.Command[20101]
      Executed DbCommand (5ms) [Parameters=[@userId='?' (DbType = Int32)], CommandType='Text', CommandTimeout='30']
      SELECT "c"."Id", "c"."CreatedAt", "c"."Title", "c"."UserId"
      FROM "ChatSessions" AS "c"
      WHERE "c"."UserId" = @userId
      ORDER BY "c"."CreatedAt" DESC
info: Microsoft.EntityFrameworkCore.Database.Command[20101]
      Executed DbCommand (1ms) [Parameters=[@userId='?' (DbType = Int32)], CommandType='Text', CommandTimeout='30']
      SELECT "c"."Id", "c"."CreatedAt", "c"."Title", "c"."UserId"
      FROM "ChatSessions" AS "c"
      WHERE "c"."UserId" = @userId
      ORDER BY "c"."CreatedAt" DESC
